  first_app.cpp
  main.cpp
  코드를 생성하고 있습니다...
lve_pipeline.obj : error LNK2005: "public: __cdecl lve::MyEngineDevice::MyEngineDevice(class lve::LveWindow &)" (??0MyEngineDevice@lve@@QEAA@AEAVLveWindow@1@@Z)이(가) first_app.obj에 이미 정의되어 있습니다.
lve_pipeline.obj : error LNK2005: "public: __cdecl lve::MyEngineDevice::~MyEngineDevice(void)" (??1MyEngineDevice@lve@@QEAA@XZ)이(가) first_app.obj에 이미 정의되어 있습니다.
lve_pipeline.obj : error LNK2005: "enum VkResult __cdecl lve::CreateDebugUtilsMessengerEXT(struct VkInstance_T *,struct VkDebugUtilsMessengerCreateInfoEXT const *,struct VkAllocationCallbacks const *,struct VkDebugUtilsMessengerEXT_T * *)" (?CreateDebugUtilsMessengerEXT@lve@@YA?AW4VkResult@@PEAUVkInstance_T@@PEBUVkDebugUtilsMessengerCreateInfoEXT@@PEBUVkAllocationCallbacks@@PEAPEAUVkDebugUtilsMessengerEXT_T@@@Z)이(가) first_app.obj에 이미 정의되어 있습니다.
lve_pipeline.obj : error LNK2005: "void __cdecl lve::DestroyDebugUtilsMessengerEXT(struct VkInstance_T *,struct VkDebugUtilsMessengerEXT_T *,struct VkAllocationCallbacks const *)" (?DestroyDebugUtilsMessengerEXT@lve@@YAXPEAUVkInstance_T@@PEAUVkDebugUtilsMessengerEXT_T@@PEBUVkAllocationCallbacks@@@Z)이(가) first_app.obj에 이미 정의되어 있습니다.
lve_pipeline.obj : error LNK2005: "public: struct VkCommandBuffer_T * __cdecl lve::MyEngineDevice::beginSingleTimeCommands(void)" (?beginSingleTimeCommands@MyEngineDevice@lve@@QEAAPEAUVkCommandBuffer_T@@XZ)이(가) first_app.obj에 이미 정의되어 있습니다.
lve_pipeline.obj : error LNK2005: "private: bool __cdecl lve::MyEngineDevice::checkDeviceExtensionSupport(struct VkPhysicalDevice_T *)" (?checkDeviceExtensionSupport@MyEngineDevice@lve@@AEAA_NPEAUVkPhysicalDevice_T@@@Z)이(가) first_app.obj에 이미 정의되어 있습니다.
lve_pipeline.obj : error LNK2005: "private: bool __cdecl lve::MyEngineDevice::checkValidationLayerSupport(void)" (?checkValidationLayerSupport@MyEngineDevice@lve@@AEAA_NXZ)이(가) first_app.obj에 이미 정의되어 있습니다.
lve_pipeline.obj : error LNK2005: "public: void __cdecl lve::MyEngineDevice::copyBuffer(struct VkBuffer_T *,struct VkBuffer_T *,unsigned __int64)" (?copyBuffer@MyEngineDevice@lve@@QEAAXPEAUVkBuffer_T@@0_K@Z)이(가) first_app.obj에 이미 정의되어 있습니다.
lve_pipeline.obj : error LNK2005: "public: void __cdecl lve::MyEngineDevice::copyBufferToImage(struct VkBuffer_T *,struct VkImage_T *,unsigned int,unsigned int,unsigned int)" (?copyBufferToImage@MyEngineDevice@lve@@QEAAXPEAUVkBuffer_T@@PEAUVkImage_T@@III@Z)이(가) first_app.obj에 이미 정의되어 있습니다.
lve_pipeline.obj : error LNK2005: "public: void __cdecl lve::MyEngineDevice::createBuffer(unsigned __int64,unsigned int,unsigned int,struct VkBuffer_T * &,struct VkDeviceMemory_T * &)" (?createBuffer@MyEngineDevice@lve@@QEAAX_KIIAEAPEAUVkBuffer_T@@AEAPEAUVkDeviceMemory_T@@@Z)이(가) first_app.obj에 이미 정의되어 있습니다.
lve_pipeline.obj : error LNK2005: "private: void __cdecl lve::MyEngineDevice::createCommandPool(void)" (?createCommandPool@MyEngineDevice@lve@@AEAAXXZ)이(가) first_app.obj에 이미 정의되어 있습니다.
lve_pipeline.obj : error LNK2005: "public: void __cdecl lve::MyEngineDevice::createImageWithInfo(struct VkImageCreateInfo const &,unsigned int,struct VkImage_T * &,struct VkDeviceMemory_T * &)" (?createImageWithInfo@MyEngineDevice@lve@@QEAAXAEBUVkImageCreateInfo@@IAEAPEAUVkImage_T@@AEAPEAUVkDeviceMemory_T@@@Z)이(가) first_app.obj에 이미 정의되어 있습니다.
lve_pipeline.obj : error LNK2005: "private: void __cdecl lve::MyEngineDevice::createInstance(void)" (?createInstance@MyEngineDevice@lve@@AEAAXXZ)이(가) first_app.obj에 이미 정의되어 있습니다.
lve_pipeline.obj : error LNK2005: "private: void __cdecl lve::MyEngineDevice::createLogicalDevice(void)" (?createLogicalDevice@MyEngineDevice@lve@@AEAAXXZ)이(가) first_app.obj에 이미 정의되어 있습니다.
lve_pipeline.obj : error LNK2005: "private: void __cdecl lve::MyEngineDevice::createSurface(void)" (?createSurface@MyEngineDevice@lve@@AEAAXXZ)이(가) first_app.obj에 이미 정의되어 있습니다.
lve_pipeline.obj : error LNK2005: "public: void __cdecl lve::MyEngineDevice::endSingleTimeCommands(struct VkCommandBuffer_T *)" (?endSingleTimeCommands@MyEngineDevice@lve@@QEAAXPEAUVkCommandBuffer_T@@@Z)이(가) first_app.obj에 이미 정의되어 있습니다.
lve_pipeline.obj : error LNK2005: "public: unsigned int __cdecl lve::MyEngineDevice::findMemoryType(unsigned int,unsigned int)" (?findMemoryType@MyEngineDevice@lve@@QEAAIII@Z)이(가) first_app.obj에 이미 정의되어 있습니다.
lve_pipeline.obj : error LNK2005: "private: struct lve::QueueFamilyIndices __cdecl lve::MyEngineDevice::findQueueFamilies(struct VkPhysicalDevice_T *)" (?findQueueFamilies@MyEngineDevice@lve@@AEAA?AUQueueFamilyIndices@2@PEAUVkPhysicalDevice_T@@@Z)이(가) first_app.obj에 이미 정의되어 있습니다.
lve_pipeline.obj : error LNK2005: "public: enum VkFormat __cdecl lve::MyEngineDevice::findSupportedFormat(class std::vector<enum VkFormat,class std::allocator<enum VkFormat> > const &,enum VkImageTiling,unsigned int)" (?findSupportedFormat@MyEngineDevice@lve@@QEAA?AW4VkFormat@@AEBV?$vector@W4VkFormat@@V?$allocator@W4VkFormat@@@std@@@std@@W4VkImageTiling@@I@Z)이(가) first_app.obj에 이미 정의되어 있습니다.
lve_pipeline.obj : error LNK2005: "private: class std::vector<char const *,class std::allocator<char const *> > __cdecl lve::MyEngineDevice::getRequiredExtensions(void)" (?getRequiredExtensions@MyEngineDevice@lve@@AEAA?AV?$vector@PEBDV?$allocator@PEBD@std@@@std@@XZ)이(가) first_app.obj에 이미 정의되어 있습니다.
lve_pipeline.obj : error LNK2005: "private: void __cdecl lve::MyEngineDevice::hasGflwRequiredInstanceExtensions(void)" (?hasGflwRequiredInstanceExtensions@MyEngineDevice@lve@@AEAAXXZ)이(가) first_app.obj에 이미 정의되어 있습니다.
lve_pipeline.obj : error LNK2005: "private: bool __cdecl lve::MyEngineDevice::isDeviceSuitable(struct VkPhysicalDevice_T *)" (?isDeviceSuitable@MyEngineDevice@lve@@AEAA_NPEAUVkPhysicalDevice_T@@@Z)이(가) first_app.obj에 이미 정의되어 있습니다.
lve_pipeline.obj : error LNK2005: "private: void __cdecl lve::MyEngineDevice::pickPhysicalDevice(void)" (?pickPhysicalDevice@MyEngineDevice@lve@@AEAAXXZ)이(가) first_app.obj에 이미 정의되어 있습니다.
lve_pipeline.obj : error LNK2005: "private: void __cdecl lve::MyEngineDevice::populateDebugMessengerCreateInfo(struct VkDebugUtilsMessengerCreateInfoEXT &)" (?populateDebugMessengerCreateInfo@MyEngineDevice@lve@@AEAAXAEAUVkDebugUtilsMessengerCreateInfoEXT@@@Z)이(가) first_app.obj에 이미 정의되어 있습니다.
lve_pipeline.obj : error LNK2005: "private: struct lve::SwapChainSupportDetails __cdecl lve::MyEngineDevice::querySwapChainSupport(struct VkPhysicalDevice_T *)" (?querySwapChainSupport@MyEngineDevice@lve@@AEAA?AUSwapChainSupportDetails@2@PEAUVkPhysicalDevice_T@@@Z)이(가) first_app.obj에 이미 정의되어 있습니다.
lve_pipeline.obj : error LNK2005: "private: void __cdecl lve::MyEngineDevice::setupDebugMessenger(void)" (?setupDebugMessenger@MyEngineDevice@lve@@AEAAXXZ)이(가) first_app.obj에 이미 정의되어 있습니다.
main.obj : error LNK2005: "public: __cdecl lve::MyEngineDevice::MyEngineDevice(class lve::LveWindow &)" (??0MyEngineDevice@lve@@QEAA@AEAVLveWindow@1@@Z)이(가) first_app.obj에 이미 정의되어 있습니다.
main.obj : error LNK2005: "public: __cdecl lve::MyEngineDevice::~MyEngineDevice(void)" (??1MyEngineDevice@lve@@QEAA@XZ)이(가) first_app.obj에 이미 정의되어 있습니다.
main.obj : error LNK2005: "enum VkResult __cdecl lve::CreateDebugUtilsMessengerEXT(struct VkInstance_T *,struct VkDebugUtilsMessengerCreateInfoEXT const *,struct VkAllocationCallbacks const *,struct VkDebugUtilsMessengerEXT_T * *)" (?CreateDebugUtilsMessengerEXT@lve@@YA?AW4VkResult@@PEAUVkInstance_T@@PEBUVkDebugUtilsMessengerCreateInfoEXT@@PEBUVkAllocationCallbacks@@PEAPEAUVkDebugUtilsMessengerEXT_T@@@Z)이(가) first_app.obj에 이미 정의되어 있습니다.
main.obj : error LNK2005: "void __cdecl lve::DestroyDebugUtilsMessengerEXT(struct VkInstance_T *,struct VkDebugUtilsMessengerEXT_T *,struct VkAllocationCallbacks const *)" (?DestroyDebugUtilsMessengerEXT@lve@@YAXPEAUVkInstance_T@@PEAUVkDebugUtilsMessengerEXT_T@@PEBUVkAllocationCallbacks@@@Z)이(가) first_app.obj에 이미 정의되어 있습니다.
main.obj : error LNK2005: "public: struct VkCommandBuffer_T * __cdecl lve::MyEngineDevice::beginSingleTimeCommands(void)" (?beginSingleTimeCommands@MyEngineDevice@lve@@QEAAPEAUVkCommandBuffer_T@@XZ)이(가) first_app.obj에 이미 정의되어 있습니다.
main.obj : error LNK2005: "private: bool __cdecl lve::MyEngineDevice::checkDeviceExtensionSupport(struct VkPhysicalDevice_T *)" (?checkDeviceExtensionSupport@MyEngineDevice@lve@@AEAA_NPEAUVkPhysicalDevice_T@@@Z)이(가) first_app.obj에 이미 정의되어 있습니다.
main.obj : error LNK2005: "private: bool __cdecl lve::MyEngineDevice::checkValidationLayerSupport(void)" (?checkValidationLayerSupport@MyEngineDevice@lve@@AEAA_NXZ)이(가) first_app.obj에 이미 정의되어 있습니다.
main.obj : error LNK2005: "public: void __cdecl lve::MyEngineDevice::copyBuffer(struct VkBuffer_T *,struct VkBuffer_T *,unsigned __int64)" (?copyBuffer@MyEngineDevice@lve@@QEAAXPEAUVkBuffer_T@@0_K@Z)이(가) first_app.obj에 이미 정의되어 있습니다.
main.obj : error LNK2005: "public: void __cdecl lve::MyEngineDevice::copyBufferToImage(struct VkBuffer_T *,struct VkImage_T *,unsigned int,unsigned int,unsigned int)" (?copyBufferToImage@MyEngineDevice@lve@@QEAAXPEAUVkBuffer_T@@PEAUVkImage_T@@III@Z)이(가) first_app.obj에 이미 정의되어 있습니다.
main.obj : error LNK2005: "public: void __cdecl lve::MyEngineDevice::createBuffer(unsigned __int64,unsigned int,unsigned int,struct VkBuffer_T * &,struct VkDeviceMemory_T * &)" (?createBuffer@MyEngineDevice@lve@@QEAAX_KIIAEAPEAUVkBuffer_T@@AEAPEAUVkDeviceMemory_T@@@Z)이(가) first_app.obj에 이미 정의되어 있습니다.
main.obj : error LNK2005: "private: void __cdecl lve::MyEngineDevice::createCommandPool(void)" (?createCommandPool@MyEngineDevice@lve@@AEAAXXZ)이(가) first_app.obj에 이미 정의되어 있습니다.
main.obj : error LNK2005: "public: void __cdecl lve::MyEngineDevice::createImageWithInfo(struct VkImageCreateInfo const &,unsigned int,struct VkImage_T * &,struct VkDeviceMemory_T * &)" (?createImageWithInfo@MyEngineDevice@lve@@QEAAXAEBUVkImageCreateInfo@@IAEAPEAUVkImage_T@@AEAPEAUVkDeviceMemory_T@@@Z)이(가) first_app.obj에 이미 정의되어 있습니다.
main.obj : error LNK2005: "private: void __cdecl lve::MyEngineDevice::createInstance(void)" (?createInstance@MyEngineDevice@lve@@AEAAXXZ)이(가) first_app.obj에 이미 정의되어 있습니다.
main.obj : error LNK2005: "private: void __cdecl lve::MyEngineDevice::createLogicalDevice(void)" (?createLogicalDevice@MyEngineDevice@lve@@AEAAXXZ)이(가) first_app.obj에 이미 정의되어 있습니다.
main.obj : error LNK2005: "private: void __cdecl lve::MyEngineDevice::createSurface(void)" (?createSurface@MyEngineDevice@lve@@AEAAXXZ)이(가) first_app.obj에 이미 정의되어 있습니다.
main.obj : error LNK2005: "public: void __cdecl lve::MyEngineDevice::endSingleTimeCommands(struct VkCommandBuffer_T *)" (?endSingleTimeCommands@MyEngineDevice@lve@@QEAAXPEAUVkCommandBuffer_T@@@Z)이(가) first_app.obj에 이미 정의되어 있습니다.
main.obj : error LNK2005: "public: unsigned int __cdecl lve::MyEngineDevice::findMemoryType(unsigned int,unsigned int)" (?findMemoryType@MyEngineDevice@lve@@QEAAIII@Z)이(가) first_app.obj에 이미 정의되어 있습니다.
main.obj : error LNK2005: "private: struct lve::QueueFamilyIndices __cdecl lve::MyEngineDevice::findQueueFamilies(struct VkPhysicalDevice_T *)" (?findQueueFamilies@MyEngineDevice@lve@@AEAA?AUQueueFamilyIndices@2@PEAUVkPhysicalDevice_T@@@Z)이(가) first_app.obj에 이미 정의되어 있습니다.
main.obj : error LNK2005: "public: enum VkFormat __cdecl lve::MyEngineDevice::findSupportedFormat(class std::vector<enum VkFormat,class std::allocator<enum VkFormat> > const &,enum VkImageTiling,unsigned int)" (?findSupportedFormat@MyEngineDevice@lve@@QEAA?AW4VkFormat@@AEBV?$vector@W4VkFormat@@V?$allocator@W4VkFormat@@@std@@@std@@W4VkImageTiling@@I@Z)이(가) first_app.obj에 이미 정의되어 있습니다.
main.obj : error LNK2005: "private: class std::vector<char const *,class std::allocator<char const *> > __cdecl lve::MyEngineDevice::getRequiredExtensions(void)" (?getRequiredExtensions@MyEngineDevice@lve@@AEAA?AV?$vector@PEBDV?$allocator@PEBD@std@@@std@@XZ)이(가) first_app.obj에 이미 정의되어 있습니다.
main.obj : error LNK2005: "private: void __cdecl lve::MyEngineDevice::hasGflwRequiredInstanceExtensions(void)" (?hasGflwRequiredInstanceExtensions@MyEngineDevice@lve@@AEAAXXZ)이(가) first_app.obj에 이미 정의되어 있습니다.
main.obj : error LNK2005: "private: bool __cdecl lve::MyEngineDevice::isDeviceSuitable(struct VkPhysicalDevice_T *)" (?isDeviceSuitable@MyEngineDevice@lve@@AEAA_NPEAUVkPhysicalDevice_T@@@Z)이(가) first_app.obj에 이미 정의되어 있습니다.
main.obj : error LNK2005: "private: void __cdecl lve::MyEngineDevice::pickPhysicalDevice(void)" (?pickPhysicalDevice@MyEngineDevice@lve@@AEAAXXZ)이(가) first_app.obj에 이미 정의되어 있습니다.
main.obj : error LNK2005: "private: void __cdecl lve::MyEngineDevice::populateDebugMessengerCreateInfo(struct VkDebugUtilsMessengerCreateInfoEXT &)" (?populateDebugMessengerCreateInfo@MyEngineDevice@lve@@AEAAXAEAUVkDebugUtilsMessengerCreateInfoEXT@@@Z)이(가) first_app.obj에 이미 정의되어 있습니다.
main.obj : error LNK2005: "private: struct lve::SwapChainSupportDetails __cdecl lve::MyEngineDevice::querySwapChainSupport(struct VkPhysicalDevice_T *)" (?querySwapChainSupport@MyEngineDevice@lve@@AEAA?AUSwapChainSupportDetails@2@PEAUVkPhysicalDevice_T@@@Z)이(가) first_app.obj에 이미 정의되어 있습니다.
main.obj : error LNK2005: "private: void __cdecl lve::MyEngineDevice::setupDebugMessenger(void)" (?setupDebugMessenger@MyEngineDevice@lve@@AEAAXXZ)이(가) first_app.obj에 이미 정의되어 있습니다.
lve_device.obj : error LNK2005: "public: __cdecl lve::MyEngineDevice::MyEngineDevice(class lve::LveWindow &)" (??0MyEngineDevice@lve@@QEAA@AEAVLveWindow@1@@Z)이(가) first_app.obj에 이미 정의되어 있습니다.
lve_device.obj : error LNK2005: "public: __cdecl lve::MyEngineDevice::~MyEngineDevice(void)" (??1MyEngineDevice@lve@@QEAA@XZ)이(가) first_app.obj에 이미 정의되어 있습니다.
lve_device.obj : error LNK2005: "enum VkResult __cdecl lve::CreateDebugUtilsMessengerEXT(struct VkInstance_T *,struct VkDebugUtilsMessengerCreateInfoEXT const *,struct VkAllocationCallbacks const *,struct VkDebugUtilsMessengerEXT_T * *)" (?CreateDebugUtilsMessengerEXT@lve@@YA?AW4VkResult@@PEAUVkInstance_T@@PEBUVkDebugUtilsMessengerCreateInfoEXT@@PEBUVkAllocationCallbacks@@PEAPEAUVkDebugUtilsMessengerEXT_T@@@Z)이(가) first_app.obj에 이미 정의되어 있습니다.
lve_device.obj : error LNK2005: "void __cdecl lve::DestroyDebugUtilsMessengerEXT(struct VkInstance_T *,struct VkDebugUtilsMessengerEXT_T *,struct VkAllocationCallbacks const *)" (?DestroyDebugUtilsMessengerEXT@lve@@YAXPEAUVkInstance_T@@PEAUVkDebugUtilsMessengerEXT_T@@PEBUVkAllocationCallbacks@@@Z)이(가) first_app.obj에 이미 정의되어 있습니다.
lve_device.obj : error LNK2005: "public: struct VkCommandBuffer_T * __cdecl lve::MyEngineDevice::beginSingleTimeCommands(void)" (?beginSingleTimeCommands@MyEngineDevice@lve@@QEAAPEAUVkCommandBuffer_T@@XZ)이(가) first_app.obj에 이미 정의되어 있습니다.
lve_device.obj : error LNK2005: "private: bool __cdecl lve::MyEngineDevice::checkDeviceExtensionSupport(struct VkPhysicalDevice_T *)" (?checkDeviceExtensionSupport@MyEngineDevice@lve@@AEAA_NPEAUVkPhysicalDevice_T@@@Z)이(가) first_app.obj에 이미 정의되어 있습니다.
lve_device.obj : error LNK2005: "private: bool __cdecl lve::MyEngineDevice::checkValidationLayerSupport(void)" (?checkValidationLayerSupport@MyEngineDevice@lve@@AEAA_NXZ)이(가) first_app.obj에 이미 정의되어 있습니다.
lve_device.obj : error LNK2005: "public: void __cdecl lve::MyEngineDevice::copyBuffer(struct VkBuffer_T *,struct VkBuffer_T *,unsigned __int64)" (?copyBuffer@MyEngineDevice@lve@@QEAAXPEAUVkBuffer_T@@0_K@Z)이(가) first_app.obj에 이미 정의되어 있습니다.
lve_device.obj : error LNK2005: "public: void __cdecl lve::MyEngineDevice::copyBufferToImage(struct VkBuffer_T *,struct VkImage_T *,unsigned int,unsigned int,unsigned int)" (?copyBufferToImage@MyEngineDevice@lve@@QEAAXPEAUVkBuffer_T@@PEAUVkImage_T@@III@Z)이(가) first_app.obj에 이미 정의되어 있습니다.
lve_device.obj : error LNK2005: "public: void __cdecl lve::MyEngineDevice::createBuffer(unsigned __int64,unsigned int,unsigned int,struct VkBuffer_T * &,struct VkDeviceMemory_T * &)" (?createBuffer@MyEngineDevice@lve@@QEAAX_KIIAEAPEAUVkBuffer_T@@AEAPEAUVkDeviceMemory_T@@@Z)이(가) first_app.obj에 이미 정의되어 있습니다.
lve_device.obj : error LNK2005: "private: void __cdecl lve::MyEngineDevice::createCommandPool(void)" (?createCommandPool@MyEngineDevice@lve@@AEAAXXZ)이(가) first_app.obj에 이미 정의되어 있습니다.
lve_device.obj : error LNK2005: "public: void __cdecl lve::MyEngineDevice::createImageWithInfo(struct VkImageCreateInfo const &,unsigned int,struct VkImage_T * &,struct VkDeviceMemory_T * &)" (?createImageWithInfo@MyEngineDevice@lve@@QEAAXAEBUVkImageCreateInfo@@IAEAPEAUVkImage_T@@AEAPEAUVkDeviceMemory_T@@@Z)이(가) first_app.obj에 이미 정의되어 있습니다.
lve_device.obj : error LNK2005: "private: void __cdecl lve::MyEngineDevice::createInstance(void)" (?createInstance@MyEngineDevice@lve@@AEAAXXZ)이(가) first_app.obj에 이미 정의되어 있습니다.
lve_device.obj : error LNK2005: "private: void __cdecl lve::MyEngineDevice::createLogicalDevice(void)" (?createLogicalDevice@MyEngineDevice@lve@@AEAAXXZ)이(가) first_app.obj에 이미 정의되어 있습니다.
lve_device.obj : error LNK2005: "private: void __cdecl lve::MyEngineDevice::createSurface(void)" (?createSurface@MyEngineDevice@lve@@AEAAXXZ)이(가) first_app.obj에 이미 정의되어 있습니다.
lve_device.obj : error LNK2005: "public: void __cdecl lve::MyEngineDevice::endSingleTimeCommands(struct VkCommandBuffer_T *)" (?endSingleTimeCommands@MyEngineDevice@lve@@QEAAXPEAUVkCommandBuffer_T@@@Z)이(가) first_app.obj에 이미 정의되어 있습니다.
lve_device.obj : error LNK2005: "public: unsigned int __cdecl lve::MyEngineDevice::findMemoryType(unsigned int,unsigned int)" (?findMemoryType@MyEngineDevice@lve@@QEAAIII@Z)이(가) first_app.obj에 이미 정의되어 있습니다.
lve_device.obj : error LNK2005: "private: struct lve::QueueFamilyIndices __cdecl lve::MyEngineDevice::findQueueFamilies(struct VkPhysicalDevice_T *)" (?findQueueFamilies@MyEngineDevice@lve@@AEAA?AUQueueFamilyIndices@2@PEAUVkPhysicalDevice_T@@@Z)이(가) first_app.obj에 이미 정의되어 있습니다.
lve_device.obj : error LNK2005: "public: enum VkFormat __cdecl lve::MyEngineDevice::findSupportedFormat(class std::vector<enum VkFormat,class std::allocator<enum VkFormat> > const &,enum VkImageTiling,unsigned int)" (?findSupportedFormat@MyEngineDevice@lve@@QEAA?AW4VkFormat@@AEBV?$vector@W4VkFormat@@V?$allocator@W4VkFormat@@@std@@@std@@W4VkImageTiling@@I@Z)이(가) first_app.obj에 이미 정의되어 있습니다.
lve_device.obj : error LNK2005: "private: class std::vector<char const *,class std::allocator<char const *> > __cdecl lve::MyEngineDevice::getRequiredExtensions(void)" (?getRequiredExtensions@MyEngineDevice@lve@@AEAA?AV?$vector@PEBDV?$allocator@PEBD@std@@@std@@XZ)이(가) first_app.obj에 이미 정의되어 있습니다.
lve_device.obj : error LNK2005: "private: void __cdecl lve::MyEngineDevice::hasGflwRequiredInstanceExtensions(void)" (?hasGflwRequiredInstanceExtensions@MyEngineDevice@lve@@AEAAXXZ)이(가) first_app.obj에 이미 정의되어 있습니다.
lve_device.obj : error LNK2005: "private: bool __cdecl lve::MyEngineDevice::isDeviceSuitable(struct VkPhysicalDevice_T *)" (?isDeviceSuitable@MyEngineDevice@lve@@AEAA_NPEAUVkPhysicalDevice_T@@@Z)이(가) first_app.obj에 이미 정의되어 있습니다.
lve_device.obj : error LNK2005: "private: void __cdecl lve::MyEngineDevice::pickPhysicalDevice(void)" (?pickPhysicalDevice@MyEngineDevice@lve@@AEAAXXZ)이(가) first_app.obj에 이미 정의되어 있습니다.
lve_device.obj : error LNK2005: "private: void __cdecl lve::MyEngineDevice::populateDebugMessengerCreateInfo(struct VkDebugUtilsMessengerCreateInfoEXT &)" (?populateDebugMessengerCreateInfo@MyEngineDevice@lve@@AEAAXAEAUVkDebugUtilsMessengerCreateInfoEXT@@@Z)이(가) first_app.obj에 이미 정의되어 있습니다.
lve_device.obj : error LNK2005: "private: struct lve::SwapChainSupportDetails __cdecl lve::MyEngineDevice::querySwapChainSupport(struct VkPhysicalDevice_T *)" (?querySwapChainSupport@MyEngineDevice@lve@@AEAA?AUSwapChainSupportDetails@2@PEAUVkPhysicalDevice_T@@@Z)이(가) first_app.obj에 이미 정의되어 있습니다.
lve_device.obj : error LNK2005: "private: void __cdecl lve::MyEngineDevice::setupDebugMessenger(void)" (?setupDebugMessenger@MyEngineDevice@lve@@AEAAXXZ)이(가) first_app.obj에 이미 정의되어 있습니다.
LINK : warning LNK4098: 'MSVCRT' defaultlib가 다른 라이브러리와 충돌합니다. /NODEFAULTLIB:library를 사용하십시오.
D:\study-git\VulkanStudy\Vulkan_Tutorial\x64\Debug\Vulkan_Tutorial.exe : fatal error LNK1169: 여러 번 정의된 기호가 있습니다.
